<?xml version="1.0" encoding="UTF-8"?>
<!-- Generated by org.testng.reporters.JUnitReportReporter -->
<testsuite hostname="23HW011303" failures="0" tests="15" name="neogrowth.Tests.RegisterFormTests" time="5.021" errors="0" timestamp="2022-02-18T18:55:57 IST" skipped="0">
  <testcase classname="neogrowth.Tests.RegisterFormTests" name="selectpaymentSince" time="0.143"/>
  <system-out/>
  <testcase classname="neogrowth.Tests.RegisterFormTests" name="selectMonthlyCardDigitalSales" time="0.145"/>
  <system-out/>
  <testcase classname="neogrowth.Tests.RegisterFormTests" name="clickApplyNow" time="0.865"/>
  <system-out/>
  <testcase classname="neogrowth.Tests.RegisterFormTests" name="enterFullname" time="1.593"/>
  <system-out/>
  <testcase classname="neogrowth.Tests.RegisterFormTests" name="validateCity" time="0.437"/>
  <system-out/>
  <testcase classname="neogrowth.Tests.RegisterFormTests" name="selectCity" time="0.191"/>
  <system-out/>
  <testcase classname="neogrowth.Tests.RegisterFormTests" name="enterInvlaidPhoneNumber" time="0.289"/>
  <system-out/>
  <testcase classname="neogrowth.Tests.RegisterFormTests" name="enterValidPhoneNumber" time="0.227"/>
  <system-out/>
  <testcase classname="neogrowth.Tests.RegisterFormTests" name="enterInvlaidEmail" time="0.229"/>
  <system-out/>
  <testcase classname="neogrowth.Tests.RegisterFormTests" name="enterValidEmail" time="0.183"/>
  <system-out/>
  <testcase classname="neogrowth.Tests.RegisterFormTests" name="selectBusinessExperience" time="0.162"/>
  <system-out/>
  <testcase classname="neogrowth.Tests.RegisterFormTests" name="selectAverageMonthlySale" time="0.173"/>
  <system-out/>
  <testcase classname="neogrowth.Tests.RegisterFormTests" name="selectBusinessIndustry" time="0.183"/>
  <system-out/>
  <testcase classname="neogrowth.Tests.RegisterFormTests" name="acceptDigitalPayments" time="0.126"/>
  <system-out/>
  <testcase classname="neogrowth.Tests.RegisterFormTests" name="sumit" time="0.075"/>
  <system-out/>
</testsuite> <!-- neogrowth.Tests.RegisterFormTests -->
