<?xml version="1.0" encoding="UTF-8"?>
<!-- Generated by org.testng.reporters.JUnitReportReporter -->
<testsuite hostname="RB932140" failures="0" tests="15" name="neogrowth.Tests.RegisterFormTests" time="8.296" errors="0" timestamp="2022-02-18T18:40:09 CET" skipped="0">
  <testcase classname="neogrowth.Tests.RegisterFormTests" name="selectpaymentSince" time="0.294"/>
  <system-out/>
  <testcase classname="neogrowth.Tests.RegisterFormTests" name="selectMonthlyCardDigitalSales" time="0.181"/>
  <system-out/>
  <testcase classname="neogrowth.Tests.RegisterFormTests" name="clickApplyNow" time="1.035"/>
  <system-out/>
  <testcase classname="neogrowth.Tests.RegisterFormTests" name="enterFullname" time="2.585"/>
  <system-out/>
  <testcase classname="neogrowth.Tests.RegisterFormTests" name="validateCity" time="0.613"/>
  <system-out/>
  <testcase classname="neogrowth.Tests.RegisterFormTests" name="selectCity" time="0.580"/>
  <system-out/>
  <testcase classname="neogrowth.Tests.RegisterFormTests" name="enterInvlaidPhoneNumber" time="0.778"/>
  <system-out/>
  <testcase classname="neogrowth.Tests.RegisterFormTests" name="enterValidPhoneNumber" time="0.349"/>
  <system-out/>
  <testcase classname="neogrowth.Tests.RegisterFormTests" name="enterInvlaidEmail" time="0.368"/>
  <system-out/>
  <testcase classname="neogrowth.Tests.RegisterFormTests" name="enterValidEmail" time="0.271"/>
  <system-out/>
  <testcase classname="neogrowth.Tests.RegisterFormTests" name="selectBusinessExperience" time="0.307"/>
  <system-out/>
  <testcase classname="neogrowth.Tests.RegisterFormTests" name="selectAverageMonthlySale" time="0.208"/>
  <system-out/>
  <testcase classname="neogrowth.Tests.RegisterFormTests" name="selectBusinessIndustry" time="0.303"/>
  <system-out/>
  <testcase classname="neogrowth.Tests.RegisterFormTests" name="acceptDigitalPayments" time="0.305"/>
  <system-out/>
  <testcase classname="neogrowth.Tests.RegisterFormTests" name="sumit" time="0.119"/>
  <system-out/>
</testsuite> <!-- neogrowth.Tests.RegisterFormTests -->
